<?xml version="1.0" encoding="UTF-8"?>
<testsuite xmlns:xsi="http://www.w3.org/2001/XMLSchema-instance" xsi:noNamespaceSchemaLocation="https://maven.apache.org/surefire/maven-surefire-plugin/xsd/surefire-test-report.xsd" name="dev.softtest.bugtracker.FirstTest" time="2.206" tests="2" errors="0" skipped="0" failures="0">
  <properties>
[...]
</properties>
  <testcase name="testing_returns_200_with_expected_msg" classname="dev.softtest.bugtracker.FirstTest" time="1.521"/>
  <testcase name="register_returns_200_and_confirmation_msg" classname="dev.softtest.bugtracker.FirstTest" time="0.407"/>
</testsuite>